#
# A fatal error has been detected by the Java Runtime Environment:
#
#  Internal Error (constantTag.cpp:59), pid=7256, tid=0x0000000000003a4c
#  Error: ShouldNotReachHere()
#
# JRE version: Java(TM) SE Runtime Environment (8.0_181-b13) (build 1.8.0_181-b13)
# Java VM: Java HotSpot(TM) 64-Bit Server VM (25.181-b13 mixed mode windows-amd64 compressed oops)
# Failed to write core dump. Minidumps are not enabled by default on client versions of Windows
#
# If you would like to submit a bug report, please visit:
#   http://bugreport.java.com/bugreport/crash.jsp
#

---------------  T H R E A D  ---------------

Current thread (0x00000000179a7000):  VMThread [stack: 0x0000000018a50000,0x0000000018b50000] [id=14924]

Stack: [0x0000000018a50000,0x0000000018b50000]
[error occurred during error reporting (printing stack bounds), id 0xc0000005]

Native frames: (J=compiled Java code, j=interpreted, Vv=VM code, C=native code)

VM_Operation (0x00000000194af520): GetOrSetLocal, mode: safepoint, requested by thread 0x00000000179f1800


---------------  P R O C E S S  ---------------

Java Threads: ( => current thread )
  0x000000001f1b4000 JavaThread "Okio Watchdog" daemon [_thread_blocked, id=14884, stack(0x0000000022870000,0x0000000022970000)]
  0x000000001f1b4800 JavaThread "OkHttp ConnectionPool" daemon [_thread_blocked, id=14296, stack(0x0000000022770000,0x0000000022870000)]
  0x000000001a3a6800 JavaThread "DestroyJavaVM" [_thread_blocked, id=10604, stack(0x0000000002c40000,0x0000000002d40000)]
  0x000000001a3ad800 JavaThread "http-nio-8080-Acceptor-0" daemon [_thread_in_native, id=7528, stack(0x0000000021370000,0x0000000021470000)]
  0x000000001a3ac800 JavaThread "http-nio-8080-ClientPoller-1" daemon [_thread_in_native, id=14448, stack(0x0000000021270000,0x0000000021370000)]
  0x000000001a3a5000 JavaThread "http-nio-8080-ClientPoller-0" daemon [_thread_in_native, id=14528, stack(0x0000000021170000,0x0000000021270000)]
  0x000000001a3a9800 JavaThread "http-nio-8080-exec-10" daemon [_thread_blocked, id=14720, stack(0x0000000021070000,0x0000000021170000)]
  0x000000001a3ac000 JavaThread "http-nio-8080-exec-9" daemon [_thread_blocked, id=15328, stack(0x0000000020f70000,0x0000000021070000)]
  0x000000001a3a4000 JavaThread "http-nio-8080-exec-8" daemon [_thread_blocked, id=14348, stack(0x0000000020e70000,0x0000000020f70000)]
  0x000000001a3a8000 JavaThread "http-nio-8080-exec-7" daemon [_thread_blocked, id=14540, stack(0x0000000020d70000,0x0000000020e70000)]
  0x000000001a3a9000 JavaThread "http-nio-8080-exec-6" daemon [_thread_blocked, id=14744, stack(0x0000000020c70000,0x0000000020d70000)]
  0x000000001a3ab000 JavaThread "http-nio-8080-exec-5" daemon [_thread_blocked, id=12188, stack(0x0000000020b70000,0x0000000020c70000)]
  0x000000001a3aa800 JavaThread "http-nio-8080-exec-4" daemon [_thread_blocked, id=15124, stack(0x0000000020a70000,0x0000000020b70000)]
  0x000000001a3a5800 JavaThread "http-nio-8080-exec-3" daemon [_thread_blocked, id=11248, stack(0x0000000020970000,0x0000000020a70000)]
  0x000000001a3a3800 JavaThread "http-nio-8080-exec-2" daemon [_thread_blocked, id=14664, stack(0x0000000020870000,0x0000000020970000)]
  0x000000001a45c000 JavaThread "http-nio-8080-exec-1" daemon [_thread_blocked, id=12948, stack(0x0000000020770000,0x0000000020870000)]
  0x000000001a45b800 JavaThread "NioBlockingSelector.BlockPoller-1" daemon [_thread_in_native, id=2616, stack(0x0000000020670000,0x0000000020770000)]
  0x000000001a458800 JavaThread "HikariPool-1 housekeeper" daemon [_thread_blocked, id=5092, stack(0x000000001e5a0000,0x000000001e6a0000)]
  0x000000001a457000 JavaThread "mysql-cj-abandoned-connection-cleanup" daemon [_thread_blocked, id=11020, stack(0x000000001dea0000,0x000000001dfa0000)]
  0x000000001a45d000 JavaThread "container-0" [_thread_blocked, id=7996, stack(0x000000001dda0000,0x000000001dea0000)]
  0x000000001a457800 JavaThread "Catalina-utility-2" [_thread_blocked, id=11692, stack(0x000000001dca0000,0x000000001dda0000)]
  0x000000001a45a000 JavaThread "Catalina-utility-1" [_thread_blocked, id=13408, stack(0x000000001dba0000,0x000000001dca0000)]
  0x000000001a45a800 JavaThread "JMX server connection timeout 25" daemon [_thread_blocked, id=3836, stack(0x000000001d0a0000,0x000000001d1a0000)]
  0x000000001a456000 JavaThread "RMI TCP Connection(16)-127.0.0.1" daemon [_thread_in_native, id=7944, stack(0x000000001cfa0000,0x000000001d0a0000)]
  0x000000001a463800 JavaThread "JMX server connection timeout 22" daemon [_thread_blocked, id=14484, stack(0x000000001b4d0000,0x000000001b5d0000)]
  0x000000001a446800 JavaThread "RMI TCP Connection(18)-127.0.0.1" daemon [_thread_in_native, id=11380, stack(0x000000001b3d0000,0x000000001b4d0000)]
  0x000000001a3d3800 JavaThread "JMX server connection timeout 19" daemon [_thread_blocked, id=228, stack(0x000000001afd0000,0x000000001b0d0000)]
  0x000000001a3d5000 JavaThread "RMI Scheduler(0)" daemon [_thread_blocked, id=10164, stack(0x000000001aed0000,0x000000001afd0000)]
  0x000000001a2e2800 JavaThread "RMI TCP Connection(17)-127.0.0.1" daemon [_thread_in_native, id=3912, stack(0x000000001add0000,0x000000001aed0000)]
  0x000000001a285000 JavaThread "RMI TCP Accept-0" daemon [_thread_in_native, id=11044, stack(0x000000001a8b0000,0x000000001a9b0000)]
  0x000000001a25f800 JavaThread "RMI TCP Accept-63007" daemon [_thread_in_native, id=1528, stack(0x000000001a7b0000,0x000000001a8b0000)]
  0x000000001a24d000 JavaThread "RMI TCP Accept-0" daemon [_thread_in_native, id=12044, stack(0x000000001a6b0000,0x000000001a7b0000)]
  0x00000000197ef000 JavaThread "Service Thread" daemon [_thread_blocked, id=12704, stack(0x0000000019db0000,0x0000000019eb0000)]
  0x00000000197ed000 JavaThread "C1 CompilerThread2" daemon [_thread_blocked, id=2940, stack(0x0000000019cb0000,0x0000000019db0000)]
  0x0000000017a3b000 JavaThread "C2 CompilerThread1" daemon [_thread_blocked, id=5068, stack(0x0000000019bb0000,0x0000000019cb0000)]
  0x0000000017a12000 JavaThread "C2 CompilerThread0" daemon [_thread_blocked, id=7300, stack(0x00000000196b0000,0x00000000197b0000)]
  0x0000000017a01800 JavaThread "JDWP Command Reader" daemon [_thread_in_native, id=14512, stack(0x00000000195b0000,0x00000000196b0000)]
  0x00000000179fd000 JavaThread "JDWP Event Helper Thread" daemon [_thread_blocked, id=2660, stack(0x00000000194b0000,0x00000000195b0000)]
  0x00000000179f1800 JavaThread "JDWP Transport Listener: dt_socket" daemon [_thread_blocked, id=13852, stack(0x00000000193b0000,0x00000000194b0000)]
  0x00000000179e6800 JavaThread "Attach Listener" daemon [_thread_blocked, id=11816, stack(0x0000000018f70000,0x0000000019070000)]
  0x00000000179e5000 JavaThread "Signal Dispatcher" daemon [_thread_blocked, id=656, stack(0x0000000018e70000,0x0000000018f70000)]
  0x00000000179cf000 JavaThread "Finalizer" daemon [_thread_blocked, id=11124, stack(0x0000000018c50000,0x0000000018d50000)]
  0x0000000002e37000 JavaThread "Reference Handler" daemon [_thread_blocked, id=14644, stack(0x0000000018b50000,0x0000000018c50000)]

Other Threads:
=>0x00000000179a7000 VMThread [stack: 0x0000000018a50000,0x0000000018b50000] [id=14924]
  0x000000001a26f800 WatcherThread [stack: 0x000000001a9b0000,0x000000001aab0000] [id=15216]

VM state:at safepoint (normal execution)

VM Mutex/Monitor currently owned by a thread:  ([mutex/lock_event])
[0x0000000002d441f0] Threads_lock - owner thread: 0x00000000179a7000

Heap:
 PSYoungGen      total 212992K, used 66235K [0x00000000d5c00000, 0x00000000e6980000, 0x0000000100000000)
  eden space 193024K, 32% used [0x00000000d5c00000,0x00000000d99c8118,0x00000000e1880000)
  from space 19968K, 14% used [0x00000000e1880000,0x00000000e1b66e20,0x00000000e2c00000)
  to   space 19968K, 0% used [0x00000000e5600000,0x00000000e5600000,0x00000000e6980000)
 ParOldGen       total 129536K, used 30589K [0x0000000081400000, 0x0000000089280000, 0x00000000d5c00000)
  object space 129536K, 23% used [0x0000000081400000,0x00000000831df488,0x0000000089280000)
 Metaspace       used 57359K, capacity 60330K, committed 60544K, reserved 1101824K
  class space    used 7986K, capacity 8564K, committed 8576K, reserved 1048576K

Card table byte_map: [0x0000000012200000,0x0000000012600000] byte_map_base: 0x0000000011df6000

Marking Bits: (ParMarkBitMap*) 0x0000000055a82d00
 Begin Bits: [0x0000000012cb0000, 0x0000000014c60000)
 End Bits:   [0x0000000014c60000, 0x0000000016c10000)

Polling page: 0x0000000000db0000

CodeCache: size=245760Kb used=10978Kb max_used=10978Kb free=234781Kb
 bounds [0x0000000002e40000, 0x0000000003900000, 0x0000000011e40000]
 total_blobs=5968 nmethods=5383 adapters=504
 compilation: enabled

Compilation events (10 events):
Event: 171.105 Thread 0x00000000197ed000 5475       1       java.util.concurrent.ThreadPoolExecutor$Worker::unlock (7 bytes)
Event: 171.105 Thread 0x00000000197ed000 nmethod 5475 0x00000000038f8bd0 code [0x00000000038f8d20, 0x00000000038f8ea8]
Event: 171.106 Thread 0x00000000197ed000 5476       1       java.util.concurrent.ThreadPoolExecutor$Worker::tryRelease (12 bytes)
Event: 171.106 Thread 0x00000000197ed000 nmethod 5476 0x00000000038f8f90 code [0x00000000038f90e0, 0x00000000038f9210]
Event: 180.104 Thread 0x00000000197ed000 5477   !   1       java.util.concurrent.ThreadPoolExecutor::getTask (179 bytes)
Event: 180.106 Thread 0x00000000197ed000 nmethod 5477 0x00000000038f9290 code [0x00000000038f9440, 0x00000000038f9998]
Event: 182.354 Thread 0x00000000197ed000 5479       1       java.lang.Thread::getName (5 bytes)
Event: 182.354 Thread 0x00000000197ed000 nmethod 5479 0x00000000038fa150 code [0x00000000038fa2a0, 0x00000000038fa3b0]
Event: 184.148 Thread 0x00000000197ed000 5480       1       java.util.concurrent.ThreadPoolExecutor::runStateAtLeast (11 bytes)
Event: 184.148 Thread 0x00000000197ed000 nmethod 5480 0x00000000038fa410 code [0x00000000038fa560, 0x00000000038fa670]

GC Heap History (10 events):
Event: 6.080 GC heap before
{Heap before GC invocations=10 (full 2):
 PSYoungGen      total 170496K, used 12901K [0x00000000d5c00000, 0x00000000e1880000, 0x0000000100000000)
  eden space 156672K, 0% used [0x00000000d5c00000,0x00000000d5c00000,0x00000000df500000)
  from space 13824K, 93% used [0x00000000e0400000,0x00000000e10997b0,0x00000000e1180000)
  to   space 15360K, 0% used [0x00000000df500000,0x00000000df500000,0x00000000e0400000)
 ParOldGen       total 57344K, used 11794K [0x0000000081400000, 0x0000000084c00000, 0x00000000d5c00000)
  object space 57344K, 20% used [0x0000000081400000,0x0000000081f848f0,0x0000000084c00000)
 Metaspace       used 33854K, capacity 35424K, committed 35496K, reserved 1079296K
  class space    used 4496K, capacity 4812K, committed 4864K, reserved 1048576K
Event: 6.183 GC heap after
Heap after GC invocations=10 (full 2):
 PSYoungGen      total 170496K, used 0K [0x00000000d5c00000, 0x00000000e1880000, 0x0000000100000000)
  eden space 156672K, 0% used [0x00000000d5c00000,0x00000000d5c00000,0x00000000df500000)
  from space 13824K, 0% used [0x00000000e0400000,0x00000000e0400000,0x00000000e1180000)
  to   space 15360K, 0% used [0x00000000df500000,0x00000000df500000,0x00000000e0400000)
 ParOldGen       total 93696K, used 18602K [0x0000000081400000, 0x0000000086f80000, 0x00000000d5c00000)
  object space 93696K, 19% used [0x0000000081400000,0x000000008262aa90,0x0000000086f80000)
 Metaspace       used 33854K, capacity 35424K, committed 35496K, reserved 1079296K
  class space    used 4496K, capacity 4812K, committed 4864K, reserved 1048576K
}
Event: 10.961 GC heap before
{Heap before GC invocations=11 (full 2):
 PSYoungGen      total 170496K, used 156672K [0x00000000d5c00000, 0x00000000e1880000, 0x0000000100000000)
  eden space 156672K, 100% used [0x00000000d5c00000,0x00000000df500000,0x00000000df500000)
  from space 13824K, 0% used [0x00000000e0400000,0x00000000e0400000,0x00000000e1180000)
  to   space 15360K, 0% used [0x00000000df500000,0x00000000df500000,0x00000000e0400000)
 ParOldGen       total 93696K, used 18602K [0x0000000081400000, 0x0000000086f80000, 0x00000000d5c00000)
  object space 93696K, 19% used [0x0000000081400000,0x000000008262aa90,0x0000000086f80000)
 Metaspace       used 47807K, capacity 49628K, committed 49792K, reserved 1091584K
  class space    used 6624K, capacity 6980K, committed 7040K, reserved 1048576K
Event: 10.997 GC heap after
Heap after GC invocations=11 (full 2):
 PSYoungGen      total 172032K, used 15359K [0x00000000d5c00000, 0x00000000e4200000, 0x0000000100000000)
  eden space 156672K, 0% used [0x00000000d5c00000,0x00000000d5c00000,0x00000000df500000)
  from space 15360K, 99% used [0x00000000df500000,0x00000000e03ffff0,0x00000000e0400000)
  to   space 18432K, 0% used [0x00000000e3000000,0x00000000e3000000,0x00000000e4200000)
 ParOldGen       total 93696K, used 20731K [0x0000000081400000, 0x0000000086f80000, 0x00000000d5c00000)
  object space 93696K, 22% used [0x0000000081400000,0x000000008283eee8,0x0000000086f80000)
 Metaspace       used 47807K, capacity 49628K, committed 49792K, reserved 1091584K
  class space    used 6624K, capacity 6980K, committed 7040K, reserved 1048576K
}
Event: 40.406 GC heap before
{Heap before GC invocations=12 (full 2):
 PSYoungGen      total 172032K, used 147168K [0x00000000d5c00000, 0x00000000e4200000, 0x0000000100000000)
  eden space 156672K, 84% used [0x00000000d5c00000,0x00000000ddcb8180,0x00000000df500000)
  from space 15360K, 99% used [0x00000000df500000,0x00000000e03ffff0,0x00000000e0400000)
  to   space 18432K, 0% used [0x00000000e3000000,0x00000000e3000000,0x00000000e4200000)
 ParOldGen       total 93696K, used 20731K [0x0000000081400000, 0x0000000086f80000, 0x00000000d5c00000)
  object space 93696K, 22% used [0x0000000081400000,0x000000008283eee8,0x0000000086f80000)
 Metaspace       used 56129K, capacity 59024K, committed 59136K, reserved 1099776K
  class space    used 7806K, capacity 8351K, committed 8448K, reserved 1048576K
Event: 40.430 GC heap after
Heap after GC invocations=12 (full 2):
 PSYoungGen      total 208384K, used 15753K [0x00000000d5c00000, 0x00000000e3f80000, 0x0000000100000000)
  eden space 192512K, 0% used [0x00000000d5c00000,0x00000000d5c00000,0x00000000e1800000)
  from space 15872K, 99% used [0x00000000e3000000,0x00000000e3f624c0,0x00000000e3f80000)
  to   space 19968K, 0% used [0x00000000e1880000,0x00000000e1880000,0x00000000e2c00000)
 ParOldGen       total 93696K, used 20739K [0x0000000081400000, 0x0000000086f80000, 0x00000000d5c00000)
  object space 93696K, 22% used [0x0000000081400000,0x0000000082840ee8,0x0000000086f80000)
 Metaspace       used 56129K, capacity 59024K, committed 59136K, reserved 1099776K
  class space    used 7806K, capacity 8351K, committed 8448K, reserved 1048576K
}
Event: 40.430 GC heap before
{Heap before GC invocations=13 (full 3):
 PSYoungGen      total 208384K, used 15753K [0x00000000d5c00000, 0x00000000e3f80000, 0x0000000100000000)
  eden space 192512K, 0% used [0x00000000d5c00000,0x00000000d5c00000,0x00000000e1800000)
  from space 15872K, 99% used [0x00000000e3000000,0x00000000e3f624c0,0x00000000e3f80000)
  to   space 19968K, 0% used [0x00000000e1880000,0x00000000e1880000,0x00000000e2c00000)
 ParOldGen       total 93696K, used 20739K [0x0000000081400000, 0x0000000086f80000, 0x00000000d5c00000)
  object space 93696K, 22% used [0x0000000081400000,0x0000000082840ee8,0x0000000086f80000)
 Metaspace       used 56129K, capacity 59024K, committed 59136K, reserved 1099776K
  class space    used 7806K, capacity 8351K, committed 8448K, reserved 1048576K
Event: 40.683 GC heap after
Heap after GC invocations=13 (full 3):
 PSYoungGen      total 208384K, used 0K [0x00000000d5c00000, 0x00000000e3f80000, 0x0000000100000000)
  eden space 192512K, 0% used [0x00000000d5c00000,0x00000000d5c00000,0x00000000e1800000)
  from space 15872K, 0% used [0x00000000e3000000,0x00000000e3000000,0x00000000e3f80000)
  to   space 19968K, 0% used [0x00000000e1880000,0x00000000e1880000,0x00000000e2c00000)
 ParOldGen       total 129536K, used 30581K [0x0000000081400000, 0x0000000089280000, 0x00000000d5c00000)
  object space 129536K, 23% used [0x0000000081400000,0x00000000831dd488,0x0000000089280000)
 Metaspace       used 56129K, capacity 59024K, committed 59136K, reserved 1099776K
  class space    used 7806K, capacity 8351K, committed 8448K, reserved 1048576K
}
Event: 84.752 GC heap before
{Heap before GC invocations=14 (full 3):
 PSYoungGen      total 208384K, used 192512K [0x00000000d5c00000, 0x00000000e3f80000, 0x0000000100000000)
  eden space 192512K, 100% used [0x00000000d5c00000,0x00000000e1800000,0x00000000e1800000)
  from space 15872K, 0% used [0x00000000e3000000,0x00000000e3000000,0x00000000e3f80000)
  to   space 19968K, 0% used [0x00000000e1880000,0x00000000e1880000,0x00000000e2c00000)
 ParOldGen       total 129536K, used 30581K [0x0000000081400000, 0x0000000089280000, 0x00000000d5c00000)
  object space 129536K, 23% used [0x0000000081400000,0x00000000831dd488,0x0000000089280000)
 Metaspace       used 57346K, capacity 60298K, committed 60544K, reserved 1101824K
  class space    used 7984K, capacity 8532K, committed 8576K, reserved 1048576K
Event: 84.759 GC heap after
Heap after GC invocations=14 (full 3):
 PSYoungGen      total 212992K, used 2971K [0x00000000d5c00000, 0x00000000e6980000, 0x0000000100000000)
  eden space 193024K, 0% used [0x00000000d5c00000,0x00000000d5c00000,0x00000000e1880000)
  from space 19968K, 14% used [0x00000000e1880000,0x00000000e1b66e20,0x00000000e2c00000)
  to   space 19968K, 0% used [0x00000000e5600000,0x00000000e5600000,0x00000000e6980000)
 ParOldGen       total 129536K, used 30589K [0x0000000081400000, 0x0000000089280000, 0x00000000d5c00000)
  object space 129536K, 23% used [0x0000000081400000,0x00000000831df488,0x0000000089280000)
 Metaspace       used 57346K, capacity 60298K, committed 60544K, reserved 1101824K
  class space    used 7984K, capacity 8532K, committed 8576K, reserved 1048576K
}

Deoptimization events (0 events):
No events

Classes redefined (2 events):
Event: 143.223 Thread 0x00000000179a7000 redefined class name=com.project.smarty.controllers.ScannerController, count=1
Event: 184.381 Thread 0x00000000179a7000 redefined class name=com.project.smarty.controllers.ScannerController, count=2

Internal exceptions (10 events):
Event: 84.712 Thread 0x000000001a3a3800 Exception <a 'java/net/SocketTimeoutException': Read timed out> (0x00000000e0b39fa0) thrown at [C:\re\workspace\8-2-build-windows-amd64-cygwin\jdk8u181\11358\hotspot\src\share\vm\prims\jni.cpp, line 735]
Event: 86.792 Thread 0x000000001a3a3800 Exception <a 'java/net/SocketTimeoutException': Read timed out> (0x00000000d6513d50) thrown at [C:\re\workspace\8-2-build-windows-amd64-cygwin\jdk8u181\11358\hotspot\src\share\vm\prims\jni.cpp, line 735]
Event: 88.819 Thread 0x000000001a3a3800 Exception <a 'java/net/SocketTimeoutException': Read timed out> (0x00000000d6527be0) thrown at [C:\re\workspace\8-2-build-windows-amd64-cygwin\jdk8u181\11358\hotspot\src\share\vm\prims\jni.cpp, line 735]
Event: 88.829 Thread 0x000000001a3a3800 Exception <a 'java/net/SocketTimeoutException': Read timed out> (0x00000000d653cce0) thrown at [C:\re\workspace\8-2-build-windows-amd64-cygwin\jdk8u181\11358\hotspot\src\share\vm\prims\jni.cpp, line 735]
Event: 88.840 Thread 0x000000001a3a3800 Exception <a 'java/net/SocketTimeoutException': Read timed out> (0x00000000d65551d8) thrown at [C:\re\workspace\8-2-build-windows-amd64-cygwin\jdk8u181\11358\hotspot\src\share\vm\prims\jni.cpp, line 735]
Event: 90.895 Thread 0x000000001a3a3800 Exception <a 'java/net/SocketTimeoutException': Read timed out> (0x00000000d7c36de0) thrown at [C:\re\workspace\8-2-build-windows-amd64-cygwin\jdk8u181\11358\hotspot\src\share\vm\prims\jni.cpp, line 735]
Event: 92.923 Thread 0x000000001a3a3800 Exception <a 'java/net/SocketTimeoutException': Read timed out> (0x00000000d7c4ac70) thrown at [C:\re\workspace\8-2-build-windows-amd64-cygwin\jdk8u181\11358\hotspot\src\share\vm\prims\jni.cpp, line 735]
Event: 92.929 Thread 0x000000001a3a3800 Exception <a 'java/net/SocketTimeoutException': Read timed out> (0x00000000d7c5fd70) thrown at [C:\re\workspace\8-2-build-windows-amd64-cygwin\jdk8u181\11358\hotspot\src\share\vm\prims\jni.cpp, line 735]
Event: 92.939 Thread 0x000000001a3a3800 Exception <a 'java/net/SocketTimeoutException': Read timed out> (0x00000000d7c78268) thrown at [C:\re\workspace\8-2-build-windows-amd64-cygwin\jdk8u181\11358\hotspot\src\share\vm\prims\jni.cpp, line 735]
Event: 94.995 Thread 0x000000001a3a3800 Exception <a 'java/net/SocketTimeoutException': Read timed out> (0x00000000d92cbf60) thrown at [C:\re\workspace\8-2-build-windows-amd64-cygwin\jdk8u181\11358\hotspot\src\share\vm\prims\jni.cpp, line 735]

Events (10 events):
Event: 184.382 Executing VM operation: RedefineClasses done
Event: 184.409 Executing VM operation: ChangeBreakpoints
Event: 184.414 Executing VM operation: ChangeBreakpoints done
Event: 184.461 Executing VM operation: ChangeBreakpoints
Event: 184.465 Executing VM operation: ChangeBreakpoints done
Event: 184.754 Executing VM operation: GetOwnedMonitorInfo
Event: 184.754 Executing VM operation: GetOwnedMonitorInfo done
Event: 184.754 Executing VM operation: GetCurrentContendedMonitor
Event: 184.754 Executing VM operation: GetCurrentContendedMonitor done
Event: 184.770 Executing VM operation: GetOrSetLocal


Dynamic libraries:
0x00007ff62b500000 - 0x00007ff62b537000 	C:\Java\jdk1.8.0_181\bin\javaw.exe
0x00007fffd1b70000 - 0x00007fffd1d51000 	C:\Windows\SYSTEM32\ntdll.dll
0x00007fffcf1b0000 - 0x00007fffcf261000 	C:\Windows\System32\KERNEL32.DLL
0x00007fffcdf40000 - 0x00007fffce1b3000 	C:\Windows\System32\KERNELBASE.dll
0x00007fffcf520000 - 0x00007fffcf5c1000 	C:\Windows\System32\ADVAPI32.dll
0x00007fffcf270000 - 0x00007fffcf30e000 	C:\Windows\System32\msvcrt.dll
0x00007fffcf960000 - 0x00007fffcf9bb000 	C:\Windows\System32\sechost.dll
0x00007fffcf3c0000 - 0x00007fffcf4e4000 	C:\Windows\System32\RPCRT4.dll
0x00007fffcfa90000 - 0x00007fffcfc20000 	C:\Windows\System32\USER32.dll
0x00007fffcee90000 - 0x00007fffceeb0000 	C:\Windows\System32\win32u.dll
0x00007fffcfc90000 - 0x00007fffcfcb8000 	C:\Windows\System32\GDI32.dll
0x00007fffceca0000 - 0x00007fffcee32000 	C:\Windows\System32\gdi32full.dll
0x00007fffcef60000 - 0x00007fffcefff000 	C:\Windows\System32\msvcp_win.dll
0x00007fffceba0000 - 0x00007fffcec98000 	C:\Windows\System32\ucrtbase.dll
0x00007fffaef80000 - 0x00007fffaf1e9000 	C:\Windows\WinSxS\amd64_microsoft.windows.common-controls_6595b64144ccf1df_6.0.17134.706_none_fb43a2cb30647007\COMCTL32.dll
0x00007fffd1690000 - 0x00007fffd19b2000 	C:\Windows\System32\combase.dll
0x00007fffce410000 - 0x00007fffce48a000 	C:\Windows\System32\bcryptPrimitives.dll
0x00007fffcf4f0000 - 0x00007fffcf51d000 	C:\Windows\System32\IMM32.DLL
0x0000000055180000 - 0x0000000055252000 	C:\Java\jdk1.8.0_181\jre\bin\msvcr100.dll
0x0000000055260000 - 0x0000000055b02000 	C:\Java\jdk1.8.0_181\jre\bin\server\jvm.dll
0x00007fffd1b30000 - 0x00007fffd1b38000 	C:\Windows\System32\PSAPI.DLL
0x00007fffcb6f0000 - 0x00007fffcb713000 	C:\Windows\SYSTEM32\WINMM.dll
0x00007fffc08f0000 - 0x00007fffc08fa000 	C:\Windows\SYSTEM32\VERSION.dll
0x00007fffab2c0000 - 0x00007fffab2c9000 	C:\Windows\SYSTEM32\WSOCK32.dll
0x00007fffcb6c0000 - 0x00007fffcb6ea000 	C:\Windows\SYSTEM32\winmmbase.dll
0x00007fffcee40000 - 0x00007fffcee89000 	C:\Windows\System32\cfgmgr32.dll
0x00000000029a0000 - 0x0000000002a0c000 	C:\Windows\System32\ws2_32.DLL
0x0000000055170000 - 0x000000005517f000 	C:\Java\jdk1.8.0_181\jre\bin\verify.dll
0x0000000055140000 - 0x0000000055169000 	C:\Java\jdk1.8.0_181\jre\bin\java.dll
0x0000000054f80000 - 0x0000000054fb5000 	C:\Java\jdk1.8.0_181\jre\bin\jdwp.dll
0x00000000550a0000 - 0x00000000550a8000 	C:\Java\jdk1.8.0_181\jre\bin\npt.dll
0x00000000550f0000 - 0x0000000055106000 	C:\Java\jdk1.8.0_181\jre\bin\zip.dll
0x00007fffd0250000 - 0x00007fffd1690000 	C:\Windows\System32\SHELL32.dll
0x00007fffcf730000 - 0x00007fffcf7d9000 	C:\Windows\System32\shcore.dll
0x00007fffce490000 - 0x00007fffceb9d000 	C:\Windows\System32\windows.storage.dll
0x00007fffcfd80000 - 0x00007fffcfdd1000 	C:\Windows\System32\shlwapi.dll
0x00007fffcdf20000 - 0x00007fffcdf31000 	C:\Windows\System32\kernel.appcore.dll
0x00007fffcdef0000 - 0x00007fffcdf0f000 	C:\Windows\System32\profapi.dll
0x00007fffcdea0000 - 0x00007fffcdeec000 	C:\Windows\System32\powrprof.dll
0x00007fffcdf10000 - 0x00007fffcdf1a000 	C:\Windows\System32\FLTLIB.DLL
0x0000000054f70000 - 0x0000000054f79000 	C:\Java\jdk1.8.0_181\jre\bin\dt_socket.dll
0x00007fffc10b0000 - 0x00007fffc10c6000 	C:\Windows\system32\napinsp.dll
0x00007fffb2c60000 - 0x00007fffb2c7a000 	C:\Windows\system32\pnrpnsp.dll
0x00007fffcb340000 - 0x00007fffcb359000 	C:\Windows\system32\NLAapi.dll
0x00007fffcd6a0000 - 0x00007fffcd706000 	C:\Windows\System32\mswsock.dll
0x00007fffcd460000 - 0x00007fffcd51e000 	C:\Windows\SYSTEM32\DNSAPI.dll
0x00007fffcf000000 - 0x00007fffcf008000 	C:\Windows\System32\NSI.dll
0x00007fffcd420000 - 0x00007fffcd458000 	C:\Windows\SYSTEM32\IPHLPAPI.DLL
0x00007fffb07e0000 - 0x00007fffb07ee000 	C:\Windows\System32\winrnr.dll
0x00007fffc4a40000 - 0x00007fffc4a55000 	C:\Windows\System32\wshbth.dll
0x00007fffc8b60000 - 0x00007fffc8bd2000 	C:\Windows\System32\fwpuclnt.dll
0x00007fffcd980000 - 0x00007fffcd9a5000 	C:\Windows\SYSTEM32\bcrypt.dll
0x00007fffc3610000 - 0x00007fffc361a000 	C:\Windows\System32\rasadhlp.dll
0x0000000054a80000 - 0x0000000054a8d000 	C:\Java\jdk1.8.0_181\jre\bin\management.dll
0x00000000550d0000 - 0x00000000550ea000 	C:\Java\jdk1.8.0_181\jre\bin\net.dll
0x00000000550b0000 - 0x00000000550c1000 	C:\Java\jdk1.8.0_181\jre\bin\nio.dll
0x00007fffcd850000 - 0x00007fffcd867000 	C:\Windows\SYSTEM32\CRYPTSP.dll
0x00007fffcd280000 - 0x00007fffcd2b3000 	C:\Windows\system32\rsaenh.dll
0x00007fffcdd80000 - 0x00007fffcdda8000 	C:\Windows\SYSTEM32\USERENV.dll
0x00007fffcd870000 - 0x00007fffcd87b000 	C:\Windows\SYSTEM32\CRYPTBASE.dll
0x00007fffc89f0000 - 0x00007fffc8a06000 	C:\Windows\SYSTEM32\dhcpcsvc6.DLL
0x00007fffc89d0000 - 0x00007fffc89ea000 	C:\Windows\SYSTEM32\dhcpcsvc.DLL
0x0000000054af0000 - 0x0000000054b14000 	C:\Java\jdk1.8.0_181\jre\bin\sunec.dll
0x0000000054f60000 - 0x0000000054f6b000 	C:\Java\jdk1.8.0_181\jre\bin\sunmscapi.dll
0x00007fffce220000 - 0x00007fffce402000 	C:\Windows\System32\CRYPT32.dll
0x00007fffcde80000 - 0x00007fffcde92000 	C:\Windows\System32\MSASN1.dll

VM Arguments:
jvm_args: -agentlib:jdwp=transport=dt_socket,suspend=y,address=localhost:63010 -Dcom.sun.management.jmxremote -Dcom.sun.management.jmxremote.port=63007 -Dcom.sun.management.jmxremote.authenticate=false -Dcom.sun.management.jmxremote.ssl=false -Djava.rmi.server.hostname=localhost -Dspring.jmx.enabled=true -Dspring.application.admin.enabled=true -Xverify:none -XX:TieredStopAtLevel=1 -Dfile.encoding=UTF-8 
java_command: com.project.smarty.SmartyApplication --spring.output.ansi.enabled=always
java_class_path (initial): C:\Users\acordero\Desktop\ProyectoCurso\spring\smarty\target\classes;C:\Users\acordero\.m2\repository\org\springframework\boot\spring-boot-starter-data-jpa\2.1.4.RELEASE\spring-boot-starter-data-jpa-2.1.4.RELEASE.jar;C:\Users\acordero\.m2\repository\org\springframework\boot\spring-boot-starter-aop\2.1.4.RELEASE\spring-boot-starter-aop-2.1.4.RELEASE.jar;C:\Users\acordero\.m2\repository\org\springframework\spring-aop\5.1.6.RELEASE\spring-aop-5.1.6.RELEASE.jar;C:\Users\acordero\.m2\repository\org\aspectj\aspectjweaver\1.9.2\aspectjweaver-1.9.2.jar;C:\Users\acordero\.m2\repository\org\springframework\boot\spring-boot-starter-jdbc\2.1.4.RELEASE\spring-boot-starter-jdbc-2.1.4.RELEASE.jar;C:\Users\acordero\.m2\repository\com\zaxxer\HikariCP\3.2.0\HikariCP-3.2.0.jar;C:\Users\acordero\.m2\repository\org\springframework\spring-jdbc\5.1.6.RELEASE\spring-jdbc-5.1.6.RELEASE.jar;C:\Users\acordero\.m2\repository\javax\transaction\javax.transaction-api\1.3\javax.transaction-api-1.3.jar;C:\Users\acordero\.m2\repository\javax\xml\bind\jaxb-api\2.3.1\jaxb-api-2.3.1.jar;C:\Users\acordero\.m2\repository\javax\activation\javax.activation-api\1.2.0\javax.activation-api-1.2.0.jar;C:\Users\acordero\.m2\repository\org\hibernate\hibernate-core\5.3.9.Final\hibernate-core-5.3.9.Final.jar;C:\Users\acordero\.m2\repository\org\jboss\logging\jboss-logging\3.3.2.Final\jboss-logging-3.3.2.Final.jar;C:\Users\acordero\.m2\repository\javax\persistence\javax.persistence-api\2.2\javax.persistence-api-2.2.jar;C:\Users\acordero\.m2\repository\org\javassist\javassist\3.23.1-GA\javassist-3.23.1-GA.jar;C:\Users\acordero\.m2\repository\antlr\antlr\2.7.7\antlr-2.7.7.jar;C:\Users\acordero\.m2\repository\org\jboss\jandex\2.0.5.Final\jandex-2.0.5.Final.jar;C:\Users\acordero\.m2\repository\com\fasterxml\classmate\1.4.0\classmate-1.4.0.jar;C:\Users\acordero\.m2\repository\org\dom4j\dom4j\2.1.1\dom4j-2.1.1.jar;C:\Users\acordero\.m2\repository\org\hibernate\common\hibernate-commons-annotati
Launcher Type: SUN_STANDARD

Environment Variables:
JAVA_HOME=C:\Java\jdk1.8.0_181
JRE_HOME=C:\Java\jdk1.8.0_181\jre\bin
PATH=C:/Java/jdk1.8.0_181/bin/../jre/bin/server;C:/Java/jdk1.8.0_181/bin/../jre/bin;C:/Java/jdk1.8.0_181/bin/../jre/lib/amd64;C:\Windows\system32;C:\Windows;C:\Windows\System32\Wbem;C:\Windows\System32\WindowsPowerShell\v1.0\;C:\Windows\System32\OpenSSH\;C:\Program Files\Git\cmd;C:\Java\jdk1.8.0_181\bin;JRE_HOME;C:\apache-maven-3.2.5\bin;C:\apache-maven-3.6.0\bin;C:\Program Files\nodejs\;C:\Program Files\TortoiseSVN\bin;C:\Users\acordero\AppData\Local\Microsoft\WindowsApps;C:\Java\jdk1.8.0_181\bin;C:\Java\jdk1.8.0_181\jre\bin;C:\Users\acordero\AppData\Local\Programs\Microsoft VS Code\bin;C:\apache-maven-3.2.5\bin;C:\apache-maven-3.6.0\bin;C:\Users\acordero\AppData\Roaming\npm;;C:\Windows\system32;
USERNAME=acordero
OS=Windows_NT
PROCESSOR_IDENTIFIER=Intel64 Family 6 Model 61 Stepping 4, GenuineIntel



---------------  S Y S T E M  ---------------

OS: Windows 10.0 , 64 bit Build 17134 (10.0.17134.706)

CPU:total 4 (initial active 4) (2 cores per cpu, 2 threads per core) family 6 model 61 stepping 4, cmov, cx8, fxsr, mmx, sse, sse2, sse3, ssse3, sse4.1, sse4.2, popcnt, avx, avx2, aes, clmul, erms, 3dnowpref, lzcnt, ht, tsc, tscinvbit, bmi1, bmi2, adx

Memory: 4k page, physical 8305600k(1615552k free), swap 17218496k(6249788k free)

vm_info: Java HotSpot(TM) 64-Bit Server VM (25.181-b13) for windows-amd64 JRE (1.8.0_181-b13), built on Jul  7 2018 04:01:33 by "java_re" with MS VC++ 10.0 (VS2010)

time: Tue May 07 17:33:55 2019
elapsed time: 184 seconds (0d 0h 3m 4s)

